ffmpeg started on 2014-05-20 at 12:12:37
Report written to "ffmpeg-20140520-121237.log"
Command line:
"C:\\Users\\Thiago\\Desktop\\ffmpeg-20140408-git-b176320-win64-static\\ffmpeg-win64-static\\bin\\ffmpeg.exe" -report -loglevel verbose -i "C:\\Users\\Thiago\\Desktop\\MXF Samples\\MXF Sync test 23,976\\CLIP07082.MXF" -vcodec libx264 -profile:v baseline -tune fastdecode -g 1 -crf 16 -bf 0 -pix_fmt yuv420p -copyts -s 1280x720 -acodec pcm_s24le -map 0 -map -0:d "C:\\Users\\Thiago\\Desktop\\teste" 23-97-20-5-2014-1210.mov
ffmpeg version N-62259-gb176320 Copyright (c) 2000-2014 the FFmpeg developers
  built on Apr  7 2014 22:08:51 with gcc 4.8.2 (GCC)
  configuration: --enable-gpl --enable-version3 --disable-w32threads --enable-avisynth --enable-bzlib --enable-fontconfig --enable-frei0r --enable-gnutls --enable-iconv --enable-libass --enable-libbluray --enable-libcaca --enable-libfreetype --enable-libgsm --enable-libilbc --enable-libmodplug --enable-libmp3lame --enable-libopencore-amrnb --enable-libopencore-amrwb --enable-libopenjpeg --enable-libopus --enable-librtmp --enable-libschroedinger --enable-libsoxr --enable-libspeex --enable-libtheora --enable-libtwolame --enable-libvidstab --enable-libvo-aacenc --enable-libvo-amrwbenc --enable-libvorbis --enable-libvpx --enable-libwavpack --enable-libx264 --enable-libx265 --enable-libxavs --enable-libxvid --enable-zlib
  libavutil      52. 74.100 / 52. 74.100
  libavcodec     55. 58.102 / 55. 58.102
  libavformat    55. 36.102 / 55. 36.102
  libavdevice    55. 11.100 / 55. 11.100
  libavfilter     4.  3.100 /  4.  3.100
  libswscale      2.  6.100 /  2.  6.100
  libswresample   0. 18.100 /  0. 18.100
  libpostproc    52.  3.100 / 52.  3.100
Splitting the commandline.
Reading option '-report' ... matched as option 'report' (generate a report) with argument '1'.
Reading option '-loglevel' ... matched as option 'loglevel' (set logging level) with argument 'verbose'.
Reading option '-i' ... matched as input file with argument 'C:\Users\Thiago\Desktop\MXF Samples\MXF Sync test 23,976\CLIP07082.MXF'.
Reading option '-vcodec' ... matched as option 'vcodec' (force video codec ('copy' to copy stream)) with argument 'libx264'.
Reading option '-profile:v' ... matched as option 'profile' (set profile) with argument 'baseline'.
Reading option '-tune' ... matched as AVOption 'tune' with argument 'fastdecode'.
Reading option '-g' ... matched as AVOption 'g' with argument '1'.
Reading option '-crf' ... matched as AVOption 'crf' with argument '16'.
Reading option '-bf' ... matched as AVOption 'bf' with argument '0'.
Reading option '-pix_fmt' ... matched as option 'pix_fmt' (set pixel format) with argument 'yuv420p'.
Reading option '-copyts' ... matched as option 'copyts' (copy timestamps) with argument '1'.
Reading option '-s' ... matched as option 's' (set frame size (WxH or abbreviation)) with argument '1280x720'.
Reading option '-acodec' ... matched as option 'acodec' (force audio codec ('copy' to copy stream)) with argument 'pcm_s24le'.
Reading option '-map' ... matched as option 'map' (set input stream mapping) with argument '0'.
Reading option '-map' ... matched as option 'map' (set input stream mapping) with argument '-0:d'.
Reading option 'C:\Users\Thiago\Desktop\teste' ... matched as output file.
Reading option '23-97-20-5-2014-1210.mov' ... matched as output file.
Finished splitting the commandline.
Parsing a group of options: global .
Applying option report (generate a report) with argument 1.
Applying option loglevel (set logging level) with argument verbose.
Applying option copyts (copy timestamps) with argument 1.
Successfully parsed a group of options.
Parsing a group of options: input file C:\Users\Thiago\Desktop\MXF Samples\MXF Sync test 23,976\CLIP07082.MXF.
Successfully parsed a group of options.
Opening an input file: C:\Users\Thiago\Desktop\MXF Samples\MXF Sync test 23,976\CLIP07082.MXF.
[mxf @ 0000000000322280] Format mxf probed with size=2048 and score=100
[mxf @ 0000000000322280] mpeg2video: Universal Label: 060e2b34.0401.0103.04010202.01040300
[mxf @ 0000000000322280] none: Universal Label: 00000000.0000.0000.00000000.00000000
[mxf @ 0000000000322280] none: Universal Label: 00000000.0000.0000.00000000.00000000
[mxf @ 0000000000322280] none: Universal Label: 00000000.0000.0000.00000000.00000000
[mxf @ 0000000000322280] none: Universal Label: 00000000.0000.0000.00000000.00000000
[mxf @ 0000000000322280] none: Universal Label: 00000000.0000.0000.00000000.00000000
[mxf @ 0000000000322280] none: Universal Label: 00000000.0000.0000.00000000.00000000
[mxf @ 0000000000322280] none: Universal Label: 00000000.0000.0000.00000000.00000000
[mxf @ 0000000000322280] none: Universal Label: 00000000.0000.0000.00000000.00000000
[mxf @ 0000000000322280] Before avformat_find_stream_info() pos: 17408 bytes read:4533716 seeks:126
[mxf @ 0000000000322280] Probe buffer size limit of 5000000 bytes reached
rfps: 23.250000 0.019485
rfps: 23.250000 0.019485
rfps: 23.333333 0.015269
rfps: 23.333333 0.015269
rfps: 23.416667 0.011566
rfps: 23.416667 0.011566
rfps: 23.500000 0.008376
rfps: 23.500000 0.008376
rfps: 23.583333 0.005700
rfps: 23.583333 0.005700
rfps: 23.666667 0.003538
rfps: 23.666667 0.003538
rfps: 23.750000 0.001888
rfps: 23.750000 0.001888
rfps: 23.833333 0.000753
rfps: 23.833333 0.000753
rfps: 23.916667 0.000130
rfps: 23.916667 0.000130
rfps: 24.000000 0.000021
rfps: 24.083333 0.000426
rfps: 24.166667 0.001344
rfps: 24.250000 0.002775
rfps: 24.333333 0.004719
rfps: 24.416667 0.007178
rfps: 24.500000 0.010149
rfps: 24.583333 0.013634
rfps: 24.666667 0.017632
rfps: 47.250000 0.018220
rfps: 47.250000 0.018220
rfps: 47.333333 0.014151
rfps: 47.333333 0.014151
rfps: 47.416667 0.010596
rfps: 47.416667 0.010596
rfps: 47.500000 0.007554
rfps: 47.500000 0.007554
rfps: 47.583333 0.005026
rfps: 47.583333 0.005026
rfps: 47.666667 0.003011
rfps: 47.666667 0.003011
rfps: 47.750000 0.001509
rfps: 47.750000 0.001509
rfps: 47.833333 0.000521
rfps: 47.833333 0.000521
rfps: 47.916667 0.000046
rfps: 47.916667 0.000046
rfps: 48.000000 0.000085
rfps: 48.083333 0.000637
rfps: 48.166667 0.001703
rfps: 48.250000 0.003282
rfps: 48.333333 0.005374
rfps: 48.416667 0.007980
rfps: 48.500000 0.011099
rfps: 48.583333 0.014732
rfps: 48.666667 0.018878
rfps: 23.976024 0.000000
rfps: 47.952048 0.000000
[mxf @ 0000000000322280] After avformat_find_stream_info() pos: 5267545 bytes read:9783853 seeks:126 frames:145
Guessed Channel Layout for  Input Stream #0.1 : mono
Guessed Channel Layout for  Input Stream #0.2 : mono
Guessed Channel Layout for  Input Stream #0.3 : mono
Guessed Channel Layout for  Input Stream #0.4 : mono
Guessed Channel Layout for  Input Stream #0.5 : mono
Guessed Channel Layout for  Input Stream #0.6 : mono
Guessed Channel Layout for  Input Stream #0.7 : mono
Guessed Channel Layout for  Input Stream #0.8 : mono
Input #0, mxf, from 'C:\Users\Thiago\Desktop\MXF Samples\MXF Sync test 23,976\CLIP07082.MXF':
  Metadata:
    uid             : 77ee8c00-8e8a-11e4-9393-008017730728
    generation_uid  : 77ee8c00-8e8a-11e5-9393-008017730728
    company_name    : Sony
    product_name    : Hyb 
    product_version : 1.70
    product_uid     : cede2403-8280-11de-8a39-08004678031c
    modification_date: 2014-02-05 17:25:05
    timecode        : 01:00:21:20
  Duration: 00:20:20.72, start: 0.000000, bitrate: 59814 kb/s
    Stream #0:0, 17, 1001/24000: Video: mpeg2video (4:2:2), yuv422p(tv, bt709), 1920x1080 [SAR 1:1 DAR 16:9], max. 50000 kb/s, 23.98 fps, 23.98 tbr, 23.98 tbn, 47.95 tbc
    Stream #0:1, 16, 1/48000: Audio: pcm_s24le, 48000 Hz, mono, s32, 1152 kb/s
    Stream #0:2, 16, 1/48000: Audio: pcm_s24le, 48000 Hz, mono, s32, 1152 kb/s
    Stream #0:3, 16, 1/48000: Audio: pcm_s24le, 48000 Hz, mono, s32, 1152 kb/s
    Stream #0:4, 16, 1/48000: Audio: pcm_s24le, 48000 Hz, mono, s32, 1152 kb/s
    Stream #0:5, 16, 1/48000: Audio: pcm_s24le, 48000 Hz, mono, s32, 1152 kb/s
    Stream #0:6, 16, 1/48000: Audio: pcm_s24le, 48000 Hz, mono, s32, 1152 kb/s
    Stream #0:7, 16, 1/48000: Audio: pcm_s24le, 48000 Hz, mono, s32, 1152 kb/s
    Stream #0:8, 16, 1/48000: Audio: pcm_s24le, 48000 Hz, mono, s32, 1152 kb/s
Successfully opened the file.
Parsing a group of options: output file C:\Users\Thiago\Desktop\teste.
Applying option vcodec (force video codec ('copy' to copy stream)) with argument libx264.
Applying option profile:v (set profile) with argument baseline.
Applying option pix_fmt (set pixel format) with argument yuv420p.
Applying option s (set frame size (WxH or abbreviation)) with argument 1280x720.
Applying option acodec (force audio codec ('copy' to copy stream)) with argument pcm_s24le.
Applying option map (set input stream mapping) with argument 0.
Applying option map (set input stream mapping) with argument -0:d.
Successfully parsed a group of options.
Opening an output file: C:\Users\Thiago\Desktop\teste.
[NULL @ 0000000005baf880] Unable to find a suitable output format for 'C:\Users\Thiago\Desktop\teste'
C:\Users\Thiago\Desktop\teste: Invalid argument
[AVIOContext @ 0000000000322900] Statistics: 9783853 bytes read, 126 seeks
